<?xml version="1.0" encoding="UTF-8"?>
<!-- Generated by org.testng.reporters.JUnitXMLReporter -->
<testsuite ignored="0" hostname="DESKTOP-0S6STMH" failures="0" tests="5" name="Surefire test" time="24.914" errors="0" timestamp="2022-03-30T17:35:01 SGT">
  <testcase classname="FirstProject.HomePageTest" name="browserNavigation" time="1.91"/>
  <testcase classname="FirstProject.HomePageTest" name="calldata" time="0.933"/>
  <testcase classname="FirstProject.HomePageTest" name="calldata" time="6.838"/>
  <testcase classname="FirstProject.navigationBarTest" name="validateNavBar" time="0.276"/>
  <testcase classname="FirstProject.validateRediffFeaturesTest" name="validateFeatures" time="0.064"/>
</testsuite> <!-- Surefire test -->
