<?xml version="1.0" encoding="UTF-8"?>
<!-- Generated by org.testng.reporters.JUnitXMLReporter -->
<testsuite ignored="0" hostname="DESKTOP-0S6STMH" failures="0" tests="3" name="Default test" time="7.186" errors="0" timestamp="2022-03-26T00:52:50 SGT">
  <testcase classname="FirstProject.HomePageTest" name="browserNavigation" time="3.47"/>
  <testcase classname="FirstProject.HomePageTest" name="calldata" time="2.886"/>
  <testcase classname="FirstProject.HomePageTest" name="calldata" time="0.774"/>
</testsuite> <!-- Default test -->
