<?xml version="1.0" encoding="UTF-8"?>
<!-- Generated by org.testng.reporters.JUnitXMLReporter -->
<testsuite ignored="0" hostname="DESKTOP-0S6STMH" failures="0" tests="5" name="Test" time="17.348" errors="0" timestamp="2022-03-28T22:35:28 SGT">
  <testcase classname="FirstProject.validateRediffFeaturesTest" name="validateFeatures" time="0.051"/>
  <testcase classname="FirstProject.HomePageTest" name="browserNavigation" time="2.552"/>
  <testcase classname="FirstProject.HomePageTest" name="calldata" time="1.596"/>
  <testcase classname="FirstProject.HomePageTest" name="calldata" time="3.318"/>
  <testcase classname="FirstProject.navigationBarTest" name="validateNavBar" time="0.313"/>
</testsuite> <!-- Test -->
