<?xml version="1.0" encoding="UTF-8"?>
<!-- Generated by org.testng.reporters.JUnitXMLReporter -->
<testsuite ignored="0" hostname="DESKTOP-0S6STMH" failures="0" tests="3" name="validating_home_page" time="7.456" errors="0" timestamp="2022-03-30T17:30:02 SGT">
  <testcase classname="FirstProject.HomePageTest" name="browserNavigation" time="4.051"/>
  <testcase classname="FirstProject.HomePageTest" name="calldata" time="0.743"/>
  <testcase classname="FirstProject.HomePageTest" name="calldata" time="0.803"/>
</testsuite> <!-- validating_home_page -->
