<?xml version="1.0" encoding="UTF-8"?>
<!-- Generated by org.testng.reporters.JUnitXMLReporter -->
<testsuite ignored="0" hostname="DESKTOP-0S6STMH" failures="0" tests="5" name="Surefire test" time="18.332" errors="0" timestamp="2022-03-29T22:35:20 SGT">
  <testcase classname="FirstProject.HomePageTest" name="browserNavigation" time="3.016"/>
  <testcase classname="FirstProject.HomePageTest" name="calldata" time="0.911"/>
  <testcase classname="FirstProject.HomePageTest" name="calldata" time="1.079"/>
  <testcase classname="FirstProject.navigationBarTest" name="validateNavBar" time="0.413"/>
  <testcase classname="FirstProject.validateRediffFeaturesTest" name="validateFeatures" time="0.19"/>
</testsuite> <!-- Surefire test -->
