<?xml version="1.0" encoding="UTF-8"?>
<testng-results ignored="0" total="5" passed="5" failed="0" skipped="0">
  <reporter-output>
  </reporter-output>
  <suite started-at="2022-03-29T22:35:02 SGT" name="Surefire suite" finished-at="2022-03-29T22:35:20 SGT" duration-ms="18332">
    <groups>
    </groups>
    <test started-at="2022-03-29T22:35:02 SGT" name="Surefire test" finished-at="2022-03-29T22:35:20 SGT" duration-ms="18332">
      <class name="FirstProject.HomePageTest">
        <test-method is-config="true" signature="initialSteps()[pri:0, instance:FirstProject.HomePageTest@35645047]" started-at="2022-03-29T22:35:02 SGT" name="initialSteps" finished-at="2022-03-29T22:35:04 SGT" duration-ms="2309" status="PASS">
          <reporter-output>
          </reporter-output>
        </test-method> <!-- initialSteps -->
        <test-method signature="browserNavigation()[pri:0, instance:FirstProject.HomePageTest@35645047]" started-at="2022-03-29T22:35:10 SGT" name="browserNavigation" finished-at="2022-03-29T22:35:13 SGT" duration-ms="3016" status="PASS">
          <reporter-output>
          </reporter-output>
        </test-method> <!-- browserNavigation -->
        <test-method signature="calldata(java.lang.String, java.lang.String, java.lang.String)[pri:0, instance:FirstProject.HomePageTest@35645047]" started-at="2022-03-29T22:35:13 SGT" name="calldata" data-provider="getdata" finished-at="2022-03-29T22:35:14 SGT" duration-ms="911" status="PASS">
          <params>
            <param index="0">
              <value>
                <![CDATA[shweth]]>
              </value>
            </param>
            <param index="1">
              <value>
                <![CDATA[rao@1234]]>
              </value>
            </param>
            <param index="2">
              <value>
                <![CDATA[test data-1]]>
              </value>
            </param>
          </params>
          <reporter-output>
          </reporter-output>
        </test-method> <!-- calldata -->
        <test-method signature="calldata(java.lang.String, java.lang.String, java.lang.String)[pri:0, instance:FirstProject.HomePageTest@35645047]" started-at="2022-03-29T22:35:14 SGT" name="calldata" data-provider="getdata" finished-at="2022-03-29T22:35:15 SGT" duration-ms="1079" status="PASS">
          <params>
            <param index="0">
              <value>
                <![CDATA[pradeep]]>
              </value>
            </param>
            <param index="1">
              <value>
                <![CDATA[aby199@gmail.com]]>
              </value>
            </param>
            <param index="2">
              <value>
                <![CDATA[test data-2]]>
              </value>
            </param>
          </params>
          <reporter-output>
          </reporter-output>
        </test-method> <!-- calldata -->
        <test-method is-config="true" signature="close()[pri:0, instance:FirstProject.HomePageTest@35645047]" started-at="2022-03-29T22:35:15 SGT" name="close" finished-at="2022-03-29T22:35:16 SGT" duration-ms="948" status="PASS">
          <reporter-output>
          </reporter-output>
        </test-method> <!-- close -->
      </class> <!-- FirstProject.HomePageTest -->
      <class name="FirstProject.navigationBarTest">
        <test-method is-config="true" signature="initialSteps()[pri:0, instance:FirstProject.navigationBarTest@6f44a157]" started-at="2022-03-29T22:35:04 SGT" name="initialSteps" finished-at="2022-03-29T22:35:07 SGT" duration-ms="2600" status="PASS">
          <reporter-output>
          </reporter-output>
        </test-method> <!-- initialSteps -->
        <test-method signature="validateNavBar()[pri:0, instance:FirstProject.navigationBarTest@6f44a157]" started-at="2022-03-29T22:35:15 SGT" name="validateNavBar" finished-at="2022-03-29T22:35:15 SGT" duration-ms="413" status="PASS">
          <reporter-output>
          </reporter-output>
        </test-method> <!-- validateNavBar -->
        <test-method is-config="true" signature="close()[pri:0, instance:FirstProject.navigationBarTest@6f44a157]" started-at="2022-03-29T22:35:16 SGT" name="close" finished-at="2022-03-29T22:35:20 SGT" duration-ms="4160" status="PASS">
          <reporter-output>
          </reporter-output>
        </test-method> <!-- close -->
      </class> <!-- FirstProject.navigationBarTest -->
      <class name="FirstProject.validateRediffFeaturesTest">
        <test-method is-config="true" signature="initialSteps()[pri:0, instance:FirstProject.validateRediffFeaturesTest@6bc407fd]" started-at="2022-03-29T22:35:07 SGT" name="initialSteps" finished-at="2022-03-29T22:35:10 SGT" duration-ms="2513" status="PASS">
          <reporter-output>
          </reporter-output>
        </test-method> <!-- initialSteps -->
        <test-method signature="validateFeatures()[pri:0, instance:FirstProject.validateRediffFeaturesTest@6bc407fd]" started-at="2022-03-29T22:35:15 SGT" name="validateFeatures" finished-at="2022-03-29T22:35:15 SGT" duration-ms="190" status="PASS">
          <reporter-output>
          </reporter-output>
        </test-method> <!-- validateFeatures -->
        <test-method is-config="true" signature="close()[pri:0, instance:FirstProject.validateRediffFeaturesTest@6bc407fd]" started-at="2022-03-29T22:35:20 SGT" name="close" finished-at="2022-03-29T22:35:20 SGT" duration-ms="131" status="PASS">
          <reporter-output>
          </reporter-output>
        </test-method> <!-- close -->
      </class> <!-- FirstProject.validateRediffFeaturesTest -->
    </test> <!-- Surefire test -->
  </suite> <!-- Surefire suite -->
</testng-results>
