<?xml version="1.0" encoding="UTF-8"?>
<testng-results ignored="0" total="1" passed="1" failed="0" skipped="0">
  <reporter-output>
  </reporter-output>
  <suite started-at="2022-03-22T14:04:30Z" name="Surefire suite" finished-at="2022-03-22T14:04:30Z" duration-ms="49">
    <groups>
    </groups>
    <test started-at="2022-03-22T14:04:30Z" name="Surefire test" finished-at="2022-03-22T14:04:30Z" duration-ms="49">
      <class name="FirstProject.AppTest">
        <test-method signature="shouldAnswerWithTrue()" started-at="2022-03-22T14:04:30Z" name="shouldAnswerWithTrue" finished-at="2022-03-22T14:04:30Z" duration-ms="6" status="PASS">
          <reporter-output>
          </reporter-output>
        </test-method> <!-- shouldAnswerWithTrue -->
      </class> <!-- FirstProject.AppTest -->
    </test> <!-- Surefire test -->
  </suite> <!-- Surefire suite -->
</testng-results>
