<?xml version="1.0" encoding="UTF-8"?>
<testng-results ignored="0" total="5" passed="5" failed="0" skipped="0">
  <reporter-output>
  </reporter-output>
  <suite started-at="2022-03-30T17:29:51 SGT" name="Suite" finished-at="2022-03-30T17:30:04 SGT" duration-ms="13275">
    <groups>
    </groups>
    <test started-at="2022-03-30T17:29:51 SGT" name="Test" finished-at="2022-03-30T17:29:54 SGT" duration-ms="3772">
      <class name="FirstProject.validateRediffFeaturesTest">
        <test-method is-config="true" signature="initialSteps()[pri:0, instance:FirstProject.validateRediffFeaturesTest@48e92c5c]" started-at="2022-03-30T17:29:51 SGT" name="initialSteps" finished-at="2022-03-30T17:29:54 SGT" duration-ms="3591" status="PASS">
          <reporter-output>
          </reporter-output>
        </test-method> <!-- initialSteps -->
        <test-method signature="validateFeatures()[pri:0, instance:FirstProject.validateRediffFeaturesTest@48e92c5c]" started-at="2022-03-30T17:29:54 SGT" name="validateFeatures" finished-at="2022-03-30T17:29:54 SGT" duration-ms="45" status="PASS">
          <reporter-output>
          </reporter-output>
        </test-method> <!-- validateFeatures -->
        <test-method is-config="true" signature="close()[pri:0, instance:FirstProject.validateRediffFeaturesTest@48e92c5c]" started-at="2022-03-30T17:29:54 SGT" name="close" finished-at="2022-03-30T17:29:54 SGT" duration-ms="104" status="PASS">
          <reporter-output>
          </reporter-output>
        </test-method> <!-- close -->
      </class> <!-- FirstProject.validateRediffFeaturesTest -->
    </test> <!-- Test -->
    <test started-at="2022-03-30T17:29:54 SGT" name="validating_home_page" finished-at="2022-03-30T17:30:02 SGT" duration-ms="7456">
      <class name="FirstProject.HomePageTest">
        <test-method is-config="true" signature="initialSteps()[pri:0, instance:FirstProject.HomePageTest@4c51cf28]" started-at="2022-03-30T17:29:54 SGT" name="initialSteps" finished-at="2022-03-30T17:29:56 SGT" duration-ms="1765" status="PASS">
          <reporter-output>
          </reporter-output>
        </test-method> <!-- initialSteps -->
        <test-method signature="browserNavigation()[pri:0, instance:FirstProject.HomePageTest@4c51cf28]" started-at="2022-03-30T17:29:56 SGT" name="browserNavigation" finished-at="2022-03-30T17:30:00 SGT" duration-ms="4051" status="PASS">
          <reporter-output>
          </reporter-output>
        </test-method> <!-- browserNavigation -->
        <test-method signature="calldata(java.lang.String, java.lang.String, java.lang.String)[pri:0, instance:FirstProject.HomePageTest@4c51cf28]" started-at="2022-03-30T17:30:00 SGT" name="calldata" data-provider="getdata" finished-at="2022-03-30T17:30:01 SGT" duration-ms="743" status="PASS">
          <params>
            <param index="0">
              <value>
                <![CDATA[shweth]]>
              </value>
            </param>
            <param index="1">
              <value>
                <![CDATA[rao@1234]]>
              </value>
            </param>
            <param index="2">
              <value>
                <![CDATA[test data-1]]>
              </value>
            </param>
          </params>
          <reporter-output>
          </reporter-output>
        </test-method> <!-- calldata -->
        <test-method signature="calldata(java.lang.String, java.lang.String, java.lang.String)[pri:0, instance:FirstProject.HomePageTest@4c51cf28]" started-at="2022-03-30T17:30:01 SGT" name="calldata" data-provider="getdata" finished-at="2022-03-30T17:30:02 SGT" duration-ms="803" status="PASS">
          <params>
            <param index="0">
              <value>
                <![CDATA[pradeep]]>
              </value>
            </param>
            <param index="1">
              <value>
                <![CDATA[aby199@gmail.com]]>
              </value>
            </param>
            <param index="2">
              <value>
                <![CDATA[test data-2]]>
              </value>
            </param>
          </params>
          <reporter-output>
          </reporter-output>
        </test-method> <!-- calldata -->
        <test-method is-config="true" signature="close()[pri:0, instance:FirstProject.HomePageTest@4c51cf28]" started-at="2022-03-30T17:30:02 SGT" name="close" finished-at="2022-03-30T17:30:02 SGT" duration-ms="76" status="PASS">
          <reporter-output>
          </reporter-output>
        </test-method> <!-- close -->
      </class> <!-- FirstProject.HomePageTest -->
    </test> <!-- validating_home_page -->
    <test started-at="2022-03-30T17:30:02 SGT" name="checking_for_navigation_bar" finished-at="2022-03-30T17:30:04 SGT" duration-ms="2001">
      <class name="FirstProject.navigationBarTest">
        <test-method is-config="true" signature="initialSteps()[pri:0, instance:FirstProject.navigationBarTest@4b1d6571]" started-at="2022-03-30T17:30:02 SGT" name="initialSteps" finished-at="2022-03-30T17:30:04 SGT" duration-ms="1810" status="PASS">
          <reporter-output>
          </reporter-output>
        </test-method> <!-- initialSteps -->
        <test-method signature="validateNavBar()[pri:0, instance:FirstProject.navigationBarTest@4b1d6571]" started-at="2022-03-30T17:30:04 SGT" name="validateNavBar" finished-at="2022-03-30T17:30:04 SGT" duration-ms="138" status="PASS">
          <reporter-output>
          </reporter-output>
        </test-method> <!-- validateNavBar -->
        <test-method is-config="true" signature="close()[pri:0, instance:FirstProject.navigationBarTest@4b1d6571]" started-at="2022-03-30T17:30:04 SGT" name="close" finished-at="2022-03-30T17:30:04 SGT" duration-ms="49" status="PASS">
          <reporter-output>
          </reporter-output>
        </test-method> <!-- close -->
      </class> <!-- FirstProject.navigationBarTest -->
    </test> <!-- checking_for_navigation_bar -->
  </suite> <!-- Suite -->
</testng-results>
