<?xml version="1.0" encoding="UTF-8"?>
<testng-results ignored="0" total="1" passed="1" failed="0" skipped="0">
  <reporter-output>
  </reporter-output>
  <suite started-at="2022-03-24T21:59:46 SGT" name="Default suite" finished-at="2022-03-24T21:59:50 SGT" duration-ms="4669">
    <groups>
    </groups>
    <test started-at="2022-03-24T21:59:46 SGT" name="Default test" finished-at="2022-03-24T21:59:50 SGT" duration-ms="4669">
      <class name="FirstProject.HomePageTest">
        <test-method signature="browserNavigation()[pri:0, instance:FirstProject.HomePageTest@11a9e7c8]" started-at="2022-03-24T21:59:46 SGT" name="browserNavigation" finished-at="2022-03-24T21:59:50 SGT" duration-ms="4638" status="PASS">
          <reporter-output>
          </reporter-output>
        </test-method> <!-- browserNavigation -->
      </class> <!-- FirstProject.HomePageTest -->
    </test> <!-- Default test -->
  </suite> <!-- Default suite -->
</testng-results>
